# JRE version: OpenJDK Runtime Environment (11.0.8+10) (build 11.0.8+10-b944.6842174)
# Java VM: OpenJDK 64-Bit Server VM (11.0.8+10-b944.6842174, mixed mode, tiered, compressed oops, g1 gc, windows-amd64)
Heap:
 garbage-first heap   total 262144K, used 125406K [0x0000000080000000, 0x0000000100000000)
  region size 1024K, 35 young (35840K), 11 survivors (11264K)
 Metaspace       used 96310K, capacity 99185K, committed 99288K, reserved 1134592K
  class space    used 12267K, capacity 13271K, committed 13312K, reserved 1048576K
GC Heap History (20 events):
Event: 3.325 GC heap before
{Heap before GC invocations=6 (full 0):
 garbage-first heap   total 262144K, used 119832K [0x0000000080000000, 0x0000000100000000)
  region size 1024K, 91 young (93184K), 8 survivors (8192K)
 Metaspace       used 44565K, capacity 45710K, committed 45952K, reserved 1089536K
  class space    used 5517K, capacity 5909K, committed 6016K, reserved 1048576K
}
Event: 3.331 GC heap after
{Heap after GC invocations=7 (full 0):
 garbage-first heap   total 262144K, used 40298K [0x0000000080000000, 0x0000000100000000)
  region size 1024K, 8 young (8192K), 8 survivors (8192K)
 Metaspace       used 44565K, capacity 45710K, committed 45952K, reserved 1089536K
  class space    used 5517K, capacity 5909K, committed 6016K, reserved 1048576K
}
Event: 5.655 GC heap before
{Heap before GC invocations=7 (full 0):
 garbage-first heap   total 262144K, used 148842K [0x0000000080000000, 0x0000000100000000)
  region size 1024K, 115 young (117760K), 8 survivors (8192K)
 Metaspace       used 57830K, capacity 59388K, committed 59520K, reserved 1101824K
  class space    used 7225K, capacity 7730K, committed 7808K, reserved 1048576K
}
Event: 5.662 GC heap after
{Heap after GC invocations=8 (full 0):
 garbage-first heap   total 262144K, used 48932K [0x0000000080000000, 0x0000000100000000)
  region size 1024K, 15 young (15360K), 15 survivors (15360K)
 Metaspace       used 57830K, capacity 59388K, committed 59520K, reserved 1101824K
  class space    used 7225K, capacity 7730K, committed 7808K, reserved 1048576K
}
Event: 5.689 GC heap before
{Heap before GC invocations=8 (full 0):
 garbage-first heap   total 262144K, used 52004K [0x0000000080000000, 0x0000000100000000)
  region size 1024K, 19 young (19456K), 15 survivors (15360K)
 Metaspace       used 58073K, capacity 59635K, committed 59736K, reserved 1101824K
  class space    used 7263K, capacity 7768K, committed 7808K, reserved 1048576K
}
Event: 5.698 GC heap after
{Heap after GC invocations=9 (full 0):
 garbage-first heap   total 262144K, used 49466K [0x0000000080000000, 0x0000000100000000)
  region size 1024K, 9 young (9216K), 9 survivors (9216K)
 Metaspace       used 58073K, capacity 59635K, committed 59736K, reserved 1101824K
  class space    used 7263K, capacity 7768K, committed 7808K, reserved 1048576K
}
Event: 6.827 GC heap before
{Heap before GC invocations=10 (full 0):
 garbage-first heap   total 262144K, used 143674K [0x0000000080000000, 0x0000000100000000)
  region size 1024K, 96 young (98304K), 9 survivors (9216K)
 Metaspace       used 63558K, capacity 65334K, committed 65624K, reserved 1105920K
  class space    used 7903K, capacity 8510K, committed 8576K, reserved 1048576K
}
Event: 6.833 GC heap after
{Heap after GC invocations=11 (full 0):
 garbage-first heap   total 262144K, used 66036K [0x0000000080000000, 0x0000000100000000)
  region size 1024K, 11 young (11264K), 11 survivors (11264K)
 Metaspace       used 63558K, capacity 65334K, committed 65624K, reserved 1105920K
  class space    used 7903K, capacity 8510K, committed 8576K, reserved 1048576K
}
Event: 7.625 GC heap before
{Heap before GC invocations=11 (full 0):
 garbage-first heap   total 262144K, used 155124K [0x0000000080000000, 0x0000000100000000)
  region size 1024K, 98 young (100352K), 11 survivors (11264K)
 Metaspace       used 73055K, capacity 74953K, committed 75224K, reserved 1114112K
  class space    used 9036K, capacity 9682K, committed 9728K, reserved 1048576K
}
Event: 7.631 GC heap after
{Heap after GC invocations=12 (full 0):
 garbage-first heap   total 262144K, used 72087K [0x0000000080000000, 0x0000000100000000)
  region size 1024K, 7 young (7168K), 7 survivors (7168K)
 Metaspace       used 73055K, capacity 74953K, committed 75224K, reserved 1114112K
  class space    used 9036K, capacity 9682K, committed 9728K, reserved 1048576K
}
Event: 8.301 GC heap before
{Heap before GC invocations=12 (full 0):
 garbage-first heap   total 262144K, used 163223K [0x0000000080000000, 0x0000000100000000)
  region size 1024K, 97 young (99328K), 7 survivors (7168K)
 Metaspace       used 79122K, capacity 81375K, committed 81624K, reserved 1120256K
  class space    used 9959K, capacity 10733K, committed 10752K, reserved 1048576K
}
Event: 8.307 GC heap after
{Heap after GC invocations=13 (full 0):
 garbage-first heap   total 262144K, used 79209K [0x0000000080000000, 0x0000000100000000)
  region size 1024K, 13 young (13312K), 13 survivors (13312K)
 Metaspace       used 79122K, capacity 81375K, committed 81624K, reserved 1120256K
  class space    used 9959K, capacity 10733K, committed 10752K, reserved 1048576K
}
Event: 10.287 GC heap before
{Heap before GC invocations=13 (full 0):
 garbage-first heap   total 262144K, used 174441K [0x0000000080000000, 0x0000000100000000)
  region size 1024K, 106 young (108544K), 13 survivors (13312K)
 Metaspace       used 85200K, capacity 87501K, committed 87640K, reserved 1126400K
  class space    used 10836K, capacity 11599K, committed 11648K, reserved 1048576K
}
Event: 10.297 GC heap after
{Heap after GC invocations=14 (full 0):
 garbage-first heap   total 262144K, used 86334K [0x0000000080000000, 0x0000000100000000)
  region size 1024K, 7 young (7168K), 7 survivors (7168K)
 Metaspace       used 85200K, capacity 87501K, committed 87640K, reserved 1126400K
  class space    used 10836K, capacity 11599K, committed 11648K, reserved 1048576K
}
Event: 11.142 GC heap before
{Heap before GC invocations=14 (full 0):
 garbage-first heap   total 262144K, used 182590K [0x0000000080000000, 0x0000000100000000)
  region size 1024K, 101 young (103424K), 7 survivors (7168K)
 Metaspace       used 92303K, capacity 94811K, committed 94936K, reserved 1132544K
  class space    used 11853K, capacity 12706K, committed 12800K, reserved 1048576K
}
Event: 11.148 GC heap after
{Heap after GC invocations=15 (full 0):
 garbage-first heap   total 262144K, used 91296K [0x0000000080000000, 0x0000000100000000)
  region size 1024K, 12 young (12288K), 12 survivors (12288K)
 Metaspace       used 92303K, capacity 94811K, committed 94936K, reserved 1132544K
  class space    used 11853K, capacity 12706K, committed 12800K, reserved 1048576K
}
Event: 16.759 GC heap before
{Heap before GC invocations=15 (full 0):
 garbage-first heap   total 262144K, used 188576K [0x0000000080000000, 0x0000000100000000)
  region size 1024K, 107 young (109568K), 12 survivors (12288K)
 Metaspace       used 94374K, capacity 97224K, committed 97368K, reserved 1134592K
  class space    used 12099K, capacity 13112K, committed 13184K, reserved 1048576K
}
Event: 16.766 GC heap after
{Heap after GC invocations=16 (full 0):
 garbage-first heap   total 262144K, used 97251K [0x0000000080000000, 0x0000000100000000)
  region size 1024K, 12 young (12288K), 12 survivors (12288K)
 Metaspace       used 94374K, capacity 97224K, committed 97368K, reserved 1134592K
  class space    used 12099K, capacity 13112K, committed 13184K, reserved 1048576K
}
Event: 16.976 GC heap before
{Heap before GC invocations=16 (full 0):
 garbage-first heap   total 262144K, used 201699K [0x0000000080000000, 0x0000000100000000)
  region size 1024K, 108 young (110592K), 12 survivors (12288K)
 Metaspace       used 96224K, capacity 99117K, committed 99288K, reserved 1134592K
  class space    used 12266K, capacity 13271K, committed 13312K, reserved 1048576K
}
Event: 16.982 GC heap after
{Heap after GC invocations=17 (full 0):
 garbage-first heap   total 262144K, used 102878K [0x0000000080000000, 0x0000000100000000)
  region size 1024K, 11 young (11264K), 11 survivors (11264K)
 Metaspace       used 96224K, capacity 99117K, committed 99288K, reserved 1134592K
  class space    used 12266K, capacity 13271K, committed 13312K, reserved 1048576K
}

